#
# There is insufficient memory for the Java Runtime Environment to continue.
# Native memory allocation (malloc) failed to allocate 1048576 bytes for AllocateHeap
# Possible reasons:
#   The system is out of physical RAM or swap space
#   In 32 bit mode, the process size limit was hit
# Possible solutions:
#   Reduce memory load on the system
#   Increase physical memory or swap space
#   Check if swap backing store is full
#   Use 64 bit Java on a 64 bit OS
#   Decrease Java heap size (-Xmx/-Xms)
#   Decrease number of Java threads
#   Decrease Java thread stack sizes (-Xss)
#   Set larger code cache with -XX:ReservedCodeCacheSize=
# This output file may be truncated or incomplete.
#
#  Out of Memory Error (memory/allocation.inline.hpp:61), pid=15408, tid=0x0000000000004b00
#
# JRE version:  (8.0_162-b12) (build )
# Java VM: Java HotSpot(TM) 64-Bit Server VM (25.162-b12 mixed mode windows-amd64 compressed oops)
# Failed to write core dump. Minidumps are not enabled by default on client versions of Windows
#

---------------  T H R E A D  ---------------

Current thread (0x0000000003257800):  JavaThread "Unknown thread" [_thread_in_vm, id=19200, stack(0x0000000002d40000,0x0000000002e40000)]

Stack: [0x0000000002d40000,0x0000000002e40000]
[error occurred during error reporting (printing stack bounds), id 0xc0000005]

Native frames: (J=compiled Java code, j=interpreted, Vv=VM code, C=native code)


---------------  P R O C E S S  ---------------

Java Threads: ( => current thread )

Other Threads:

=>0x0000000003257800 (exited) JavaThread "Unknown thread" [_thread_in_vm, id=19200, stack(0x0000000002d40000,0x0000000002e40000)]

VM state:not at safepoint (normal execution)

VM Mutex/Monitor currently owned by a thread: None

Heap:
 PSYoungGen      total 37888K, used 655K [0x00000000d6180000, 0x00000000d8b80000, 0x0000000100000000)
  eden space 32768K, 2% used [0x00000000d6180000,0x00000000d6223d80,0x00000000d8180000)
  from space 5120K, 0% used [0x00000000d8680000,0x00000000d8680000,0x00000000d8b80000)
  to   space 5120K, 0% used [0x00000000d8180000,0x00000000d8180000,0x00000000d8680000)
 ParOldGen       total 86016K, used 0K [0x0000000082400000, 0x0000000087800000, 0x00000000d6180000)
  object space 86016K, 0% used [0x0000000082400000,0x0000000082400000,0x0000000087800000)
 Metaspace       used 757K, capacity 4480K, committed 4480K, reserved 1056768K
  class space    used 75K, capacity 384K, committed 384K, reserved 1048576K

Card table byte_map: [0x0000000012710000,0x0000000012b00000] byte_map_base: 0x00000000122fe000

Marking Bits: (ParMarkBitMap*) 0x0000000066ea0860
 Begin Bits: [0x00000000133a0000, 0x0000000015310000)
 End Bits:   [0x0000000015310000, 0x0000000017280000)

Polling page: 0x0000000000bf0000

CodeCache: size=245760Kb used=328Kb max_used=328Kb free=245431Kb
 bounds [0x0000000003350000, 0x00000000035c0000, 0x0000000012350000]
 total_blobs=58 nmethods=0 adapters=38
 compilation: enabled

Compilation events (0 events):
No events

GC Heap History (0 events):
No events

Deoptimization events (0 events):
No events

Classes redefined (0 events):
No events

Internal exceptions (0 events):
No events

Events (10 events):
Event: 0.056 loading class java/lang/Short
Event: 0.056 loading class java/lang/Short done
Event: 0.056 loading class java/lang/Integer
Event: 0.056 loading class java/lang/Integer done
Event: 0.056 loading class java/lang/Long
Event: 0.057 loading class java/lang/Long done
Event: 0.057 loading class java/lang/NullPointerException
Event: 0.058 loading class java/lang/NullPointerException done
Event: 0.058 loading class java/lang/ArithmeticException
Event: 0.058 loading class java/lang/ArithmeticException done


Dynamic libraries:
0x00007ff7acf40000 - 0x00007ff7acf77000 	C:\Program Files\Java\jre1.8.0_162\bin\javaw.exe
0x00007ffd55f70000 - 0x00007ffd56151000 	C:\Windows\SYSTEM32\ntdll.dll
0x00007ffd53af0000 - 0x00007ffd53ba2000 	C:\Windows\System32\KERNEL32.DLL
0x00007ffd52530000 - 0x00007ffd527a3000 	C:\Windows\System32\KERNELBASE.dll
0x00007ffd53530000 - 0x00007ffd535d1000 	C:\Windows\System32\ADVAPI32.dll
0x00007ffd541e0000 - 0x00007ffd5427e000 	C:\Windows\System32\msvcrt.dll
0x00007ffd55c20000 - 0x00007ffd55c7b000 	C:\Windows\System32\sechost.dll
0x00007ffd54280000 - 0x00007ffd543a4000 	C:\Windows\System32\RPCRT4.dll
0x00007ffd53d50000 - 0x00007ffd53ee0000 	C:\Windows\System32\USER32.dll
0x00007ffd532e0000 - 0x00007ffd53300000 	C:\Windows\System32\win32u.dll
0x00007ffd53be0000 - 0x00007ffd53c08000 	C:\Windows\System32\GDI32.dll
0x00007ffd52860000 - 0x00007ffd529f2000 	C:\Windows\System32\gdi32full.dll
0x00007ffd52ae0000 - 0x00007ffd52b7f000 	C:\Windows\System32\msvcp_win.dll
0x00007ffd53300000 - 0x00007ffd533fa000 	C:\Windows\System32\ucrtbase.dll
0x00007ffd45900000 - 0x00007ffd45b69000 	C:\Windows\WinSxS\amd64_microsoft.windows.common-controls_6595b64144ccf1df_6.0.17134.1_none_e4da93291059d8fb\COMCTL32.dll
0x00007ffd543b0000 - 0x00007ffd546d3000 	C:\Windows\System32\combase.dll
0x00007ffd52a00000 - 0x00007ffd52a7a000 	C:\Windows\System32\bcryptPrimitives.dll
0x00007ffd55c90000 - 0x00007ffd55cbd000 	C:\Windows\System32\IMM32.DLL
0x00000000680b0000 - 0x0000000068181000 	C:\Program Files\Java\jre1.8.0_162\bin\msvcr100.dll
0x0000000066680000 - 0x0000000066f20000 	C:\Program Files\Java\jre1.8.0_162\bin\server\jvm.dll
0x00007ffd53bd0000 - 0x00007ffd53bd8000 	C:\Windows\System32\PSAPI.DLL
0x00007ffd4d920000 - 0x00007ffd4d92a000 	C:\Windows\SYSTEM32\VERSION.dll
0x00007ffd503c0000 - 0x00007ffd503e3000 	C:\Windows\SYSTEM32\WINMM.dll
0x00007ffd4cbe0000 - 0x00007ffd4cbe9000 	C:\Windows\SYSTEM32\WSOCK32.dll
0x00007ffd53c10000 - 0x00007ffd53c7c000 	C:\Windows\System32\ws2_32.DLL
0x00007ffd50050000 - 0x00007ffd5007a000 	C:\Windows\SYSTEM32\winmmbase.dll
0x00007ffd52b80000 - 0x00007ffd52bc9000 	C:\Windows\System32\cfgmgr32.dll
0x0000000066590000 - 0x000000006659f000 	C:\Program Files\Java\jre1.8.0_162\bin\verify.dll
0x0000000066560000 - 0x0000000066589000 	C:\Program Files\Java\jre1.8.0_162\bin\java.dll
0x0000000066f40000 - 0x0000000066f75000 	C:\Program Files\Java\jre1.8.0_162\bin\jdwp.dll
0x00000000680a0000 - 0x00000000680a8000 	C:\Program Files\Java\jre1.8.0_162\bin\npt.dll
0x0000000066510000 - 0x0000000066526000 	C:\Program Files\Java\jre1.8.0_162\bin\zip.dll

VM Arguments:
jvm_args: -agentlib:jdwp=transport=dt_socket,suspend=y,address=localhost:62249 -Dfile.encoding=UTF-8 
java_command: com.ts.jwt.JwtAuthApplication
java_class_path (initial): C:\Program Files\Java\jre1.8.0_162\lib\resources.jar;C:\Program Files\Java\jre1.8.0_162\lib\rt.jar;C:\Program Files\Java\jre1.8.0_162\lib\jsse.jar;C:\Program Files\Java\jre1.8.0_162\lib\jce.jar;C:\Program Files\Java\jre1.8.0_162\lib\charsets.jar;C:\Program Files\Java\jre1.8.0_162\lib\jfr.jar;C:\Program Files\Java\jre1.8.0_162\lib\ext\access-bridge-64.jar;C:\Program Files\Java\jre1.8.0_162\lib\ext\cldrdata.jar;C:\Program Files\Java\jre1.8.0_162\lib\ext\dnsns.jar;C:\Program Files\Java\jre1.8.0_162\lib\ext\jaccess.jar;C:\Program Files\Java\jre1.8.0_162\lib\ext\jfxrt.jar;C:\Program Files\Java\jre1.8.0_162\lib\ext\localedata.jar;C:\Program Files\Java\jre1.8.0_162\lib\ext\nashorn.jar;C:\Program Files\Java\jre1.8.0_162\lib\ext\sunec.jar;C:\Program Files\Java\jre1.8.0_162\lib\ext\sunjce_provider.jar;C:\Program Files\Java\jre1.8.0_162\lib\ext\sunmscapi.jar;C:\Program Files\Java\jre1.8.0_162\lib\ext\sunpkcs11.jar;C:\Program Files\Java\jre1.8.0_162\lib\ext\zipfs.jar;E:\workspace\jwt\target\classes;C:\Users\Administrator\.m2\repository\org\springframework\boot\spring-boot-starter-web\2.0.3.RELEASE\spring-boot-starter-web-2.0.3.RELEASE.jar;C:\Users\Administrator\.m2\repository\org\springframework\boot\spring-boot-starter\2.0.3.RELEASE\spring-boot-starter-2.0.3.RELEASE.jar;C:\Users\Administrator\.m2\repository\org\springframework\boot\spring-boot\2.0.3.RELEASE\spring-boot-2.0.3.RELEASE.jar;C:\Users\Administrator\.m2\repository\org\springframework\boot\spring-boot-autoconfigure\2.0.3.RELEASE\spring-boot-autoconfigure-2.0.3.RELEASE.jar;C:\Users\Administrator\.m2\repository\org\springframework\boot\spring-boot-starter-logging\2.0.3.RELEASE\spring-boot-starter-logging-2.0.3.RELEASE.jar;C:\Users\Administrator\.m2\repository\ch\qos\logback\logback-classic\1.2.3\logback-classic-1.2.3.jar;C:\Users\Administrator\.m2\repository\ch\qos\logback\logback-core\1.2.3\logback-core-1.2.3.jar;C:\Users\Administrator\.m2\repository\org\apache\logging\log4j\log4j-to-slf4j\
Launcher Type: SUN_STANDARD

Environment Variables:
PATH=C:/Program Files/Java/jre1.8.0_162/bin/server;C:/Program Files/Java/jre1.8.0_162/bin;C:/Program Files/Java/jre1.8.0_162/lib/amd64;C:\ProgramData\Oracle\Java\javapath;C:\Program Files (x86)\Intel\Intel(R) Management Engine Components\iCLS\;C:\Program Files\Intel\Intel(R) Management Engine Components\iCLS\;C:\Windows\system32;C:\Windows;C:\Windows\System32\Wbem;C:\Windows\System32\WindowsPowerShell\v1.0\;C:\Windows\System32\OpenSSH\;C:\Program Files (x86)\NVIDIA Corporation\PhysX\Common;C:\Program Files (x86)\Intel\Intel(R) Management Engine Components\DAL;C:\Program Files\Intel\Intel(R) Management Engine Components\DAL;C:\Program Files (x86)\Intel\Intel(R) Management Engine Components\IPT;C:\Program Files\Intel\Intel(R) Management Engine Components\IPT;C:\Program Files\TortoiseSVN\bin;C:\Program Files (x86)\MySQL\MySQL Fabric 1.5 & MySQL Utilities 1.5\;C:\Program Files (x86)\MySQL\MySQL Fabric 1.5 & MySQL Utilities 1.5\Doctrine extensions for PHP\;D:\360¼«ËÙä¯ÀÀÆ÷ÏÂÔØ\apache-maven-3.5.4-bin\apache-maven-3.5.4\bin;C:\Users\Administrator\AppData\Local\Microsoft\WindowsApps;;E:\eclipse;
USERNAME=Administrator
OS=Windows_NT
PROCESSOR_IDENTIFIER=Intel64 Family 6 Model 158 Stepping 10, GenuineIntel



---------------  S Y S T E M  ---------------

OS: Windows 10.0 , 64 bit Build 17134 (10.0.17134.1)

CPU:total 6 (initial active 6) (6 cores per cpu, 1 threads per core) family 6 model 158 stepping 10, cmov, cx8, fxsr, mmx, sse, sse2, sse3, ssse3, sse4.1, sse4.2, popcnt, avx, avx2, aes, clmul, erms, rtm, 3dnowpref, lzcnt, tsc, tscinvbit, bmi1, bmi2, adx

Memory: 4k page, physical 8234476k(586696k free), swap 16102760k(5608k free)

vm_info: Java HotSpot(TM) 64-Bit Server VM (25.162-b12) for windows-amd64 JRE (1.8.0_162-b12), built on Dec 19 2017 20:00:03 by "java_re" with MS VC++ 10.0 (VS2010)

time: Fri Sep 21 11:10:40 2018
elapsed time: 0 seconds (0d 0h 0m 0s)

